-------------------------------------------------------------------------------
>Log Session: Friday, March 18, 2016 11:08:24 AM CET
>System Info: 
  Product Version         = CrystalDefence 201510222201
  Operating System        = Windows 10 version 10.0 running on x86
  Java; VM; Vendor        = 1.8.0_66; Java HotSpot(TM) Server VM 25.66-b18; Oracle Corporation
  Runtime                 = Java(TM) SE Runtime Environment 1.8.0_66-b18
  Java Home               = C:\Program Files (x86)\Java\jdk1.8.0_66\jre
  System Locale; Encoding = da_DK (crystaldefence); Cp1252
  Home Directory          = C:\Users\Nillers-pc
  Current Directory       = C:\Users\Nillers-pc\Documents\4semester\CrystalDefence\application\target\crystaldefence
  User Directory          = C:\Users\Nillers-pc\Documents\4semester\CrystalDefence\application\target\userdir
  Cache Directory         = C:\Users\Nillers-pc\Documents\4semester\CrystalDefence\application\target\userdir\var\cache
  Installation            = C:\Users\Nillers-pc\Documents\4semester\CrystalDefence\application\target\crystaldefence\crystaldefence
                            C:\Users\Nillers-pc\Documents\4semester\CrystalDefence\application\target\crystaldefence\platform
                            C:\Users\Nillers-pc\Documents\4semester\CrystalDefence\application\target\crystaldefence\platform
  Boot & Ext. Classpath   = C:\Program Files (x86)\Java\jdk1.8.0_66\jre\lib\resources.jar;C:\Program Files (x86)\Java\jdk1.8.0_66\jre\lib\rt.jar;C:\Program Files (x86)\Java\jdk1.8.0_66\jre\lib\sunrsasign.jar;C:\Program Files (x86)\Java\jdk1.8.0_66\jre\lib\jsse.jar;C:\Program Files (x86)\Java\jdk1.8.0_66\jre\lib\jce.jar;C:\Program Files (x86)\Java\jdk1.8.0_66\jre\lib\charsets.jar;C:\Program Files (x86)\Java\jdk1.8.0_66\jre\lib\jfr.jar;C:\Program Files (x86)\Java\jdk1.8.0_66\jre\classes;C:\Program Files (x86)\Java\jdk1.8.0_66\jre\lib\ext\access-bridge-32.jar;C:\Program Files (x86)\Java\jdk1.8.0_66\jre\lib\ext\cldrdata.jar;C:\Program Files (x86)\Java\jdk1.8.0_66\jre\lib\ext\dnsns.jar;C:\Program Files (x86)\Java\jdk1.8.0_66\jre\lib\ext\jaccess.jar;C:\Program Files (x86)\Java\jdk1.8.0_66\jre\lib\ext\jfxrt.jar;C:\Program Files (x86)\Java\jdk1.8.0_66\jre\lib\ext\localedata.jar;C:\Program Files (x86)\Java\jdk1.8.0_66\jre\lib\ext\nashorn.jar;C:\Program Files (x86)\Java\jdk1.8.0_66\jre\lib\ext\sunec.jar;C:\Program Files (x86)\Java\jdk1.8.0_66\jre\lib\ext\sunjce_provider.jar;C:\Program Files (x86)\Java\jdk1.8.0_66\jre\lib\ext\sunmscapi.jar;C:\Program Files (x86)\Java\jdk1.8.0_66\jre\lib\ext\sunpkcs11.jar;C:\Program Files (x86)\Java\jdk1.8.0_66\jre\lib\ext\zipfs.jar
  Application Classpath   = C:\Users\Nillers-pc\Documents\4semester\CrystalDefence\application\target\crystaldefence\platform\lib\boot.jar;C:\Users\Nillers-pc\Documents\4semester\CrystalDefence\application\target\crystaldefence\platform\lib\org-openide-modules.jar;C:\Users\Nillers-pc\Documents\4semester\CrystalDefence\application\target\crystaldefence\platform\lib\org-openide-util-lookup.jar;C:\Users\Nillers-pc\Documents\4semester\CrystalDefence\application\target\crystaldefence\platform\lib\org-openide-util-ui.jar;C:\Users\Nillers-pc\Documents\4semester\CrystalDefence\application\target\crystaldefence\platform\lib\org-openide-util.jar;C:\Users\Nillers-pc\Documents\4semester\CrystalDefence\application\target\crystaldefence\platform\lib\locale\boot_ja.jar;C:\Users\Nillers-pc\Documents\4semester\CrystalDefence\application\target\crystaldefence\platform\lib\locale\boot_pt_BR.jar;C:\Users\Nillers-pc\Documents\4semester\CrystalDefence\application\target\crystaldefence\platform\lib\locale\boot_ru.jar;C:\Users\Nillers-pc\Documents\4semester\CrystalDefence\application\target\crystaldefence\platform\lib\locale\boot_zh_CN.jar;C:\Users\Nillers-pc\Documents\4semester\CrystalDefence\application\target\crystaldefence\platform\lib\locale\org-openide-modules_ja.jar;C:\Users\Nillers-pc\Documents\4semester\CrystalDefence\application\target\crystaldefence\platform\lib\locale\org-openide-modules_pt_BR.jar;C:\Users\Nillers-pc\Documents\4semester\CrystalDefence\application\target\crystaldefence\platform\lib\locale\org-openide-modules_ru.jar;C:\Users\Nillers-pc\Documents\4semester\CrystalDefence\application\target\crystaldefence\platform\lib\locale\org-openide-modules_zh_CN.jar;C:\Users\Nillers-pc\Documents\4semester\CrystalDefence\application\target\crystaldefence\platform\lib\locale\org-openide-util-lookup_ja.jar;C:\Users\Nillers-pc\Documents\4semester\CrystalDefence\application\target\crystaldefence\platform\lib\locale\org-openide-util-lookup_pt_BR.jar;C:\Users\Nillers-pc\Documents\4semester\CrystalDefence\application\target\crystaldefence\platform\lib\locale\org-openide-util-lookup_ru.jar;C:\Users\Nillers-pc\Documents\4semester\CrystalDefence\application\target\crystaldefence\platform\lib\locale\org-openide-util-lookup_zh_CN.jar;C:\Users\Nillers-pc\Documents\4semester\CrystalDefence\application\target\crystaldefence\platform\lib\locale\org-openide-util-ui_ja.jar;C:\Users\Nillers-pc\Documents\4semester\CrystalDefence\application\target\crystaldefence\platform\lib\locale\org-openide-util-ui_pt_BR.jar;C:\Users\Nillers-pc\Documents\4semester\CrystalDefence\application\target\crystaldefence\platform\lib\locale\org-openide-util-ui_ru.jar;C:\Users\Nillers-pc\Documents\4semester\CrystalDefence\application\target\crystaldefence\platform\lib\locale\org-openide-util-ui_zh_CN.jar;C:\Users\Nillers-pc\Documents\4semester\CrystalDefence\application\target\crystaldefence\platform\lib\locale\org-openide-util_ja.jar;C:\Users\Nillers-pc\Documents\4semester\CrystalDefence\application\target\crystaldefence\platform\lib\locale\org-openide-util_pt_BR.jar;C:\Users\Nillers-pc\Documents\4semester\CrystalDefence\application\target\crystaldefence\platform\lib\locale\org-openide-util_ru.jar;C:\Users\Nillers-pc\Documents\4semester\CrystalDefence\application\target\crystaldefence\platform\lib\locale\org-openide-util_zh_CN.jar;C:\Program Files (x86)\Java\jdk1.8.0_66\lib\dt.jar;C:\Program Files (x86)\Java\jdk1.8.0_66\lib\tools.jar
  Startup Classpath       = C:\Users\Nillers-pc\Documents\4semester\CrystalDefence\application\target\crystaldefence\platform\core\asm-all-5.0.1.jar;C:\Users\Nillers-pc\Documents\4semester\CrystalDefence\application\target\crystaldefence\platform\core\core-base.jar;C:\Users\Nillers-pc\Documents\4semester\CrystalDefence\application\target\crystaldefence\platform\core\core.jar;C:\Users\Nillers-pc\Documents\4semester\CrystalDefence\application\target\crystaldefence\platform\core\org-netbeans-libs-asm.jar;C:\Users\Nillers-pc\Documents\4semester\CrystalDefence\application\target\crystaldefence\platform\core\org-openide-filesystems.jar;C:\Users\Nillers-pc\Documents\4semester\CrystalDefence\application\target\crystaldefence\platform\core\locale\core-base_ja.jar;C:\Users\Nillers-pc\Documents\4semester\CrystalDefence\application\target\crystaldefence\platform\core\locale\core-base_pt_BR.jar;C:\Users\Nillers-pc\Documents\4semester\CrystalDefence\application\target\crystaldefence\platform\core\locale\core-base_ru.jar;C:\Users\Nillers-pc\Documents\4semester\CrystalDefence\application\target\crystaldefence\platform\core\locale\core-base_zh_CN.jar;C:\Users\Nillers-pc\Documents\4semester\CrystalDefence\application\target\crystaldefence\platform\core\locale\core_ja.jar;C:\Users\Nillers-pc\Documents\4semester\CrystalDefence\application\target\crystaldefence\platform\core\locale\core_pt_BR.jar;C:\Users\Nillers-pc\Documents\4semester\CrystalDefence\application\target\crystaldefence\platform\core\locale\core_ru.jar;C:\Users\Nillers-pc\Documents\4semester\CrystalDefence\application\target\crystaldefence\platform\core\locale\core_zh_CN.jar;C:\Users\Nillers-pc\Documents\4semester\CrystalDefence\application\target\crystaldefence\platform\core\locale\org-netbeans-libs-asm_ja.jar;C:\Users\Nillers-pc\Documents\4semester\CrystalDefence\application\target\crystaldefence\platform\core\locale\org-netbeans-libs-asm_pt_BR.jar;C:\Users\Nillers-pc\Documents\4semester\CrystalDefence\application\target\crystaldefence\platform\core\locale\org-netbeans-libs-asm_ru.jar;C:\Users\Nillers-pc\Documents\4semester\CrystalDefence\application\target\crystaldefence\platform\core\locale\org-netbeans-libs-asm_zh_CN.jar;C:\Users\Nillers-pc\Documents\4semester\CrystalDefence\application\target\crystaldefence\platform\core\locale\org-openide-filesystems_ja.jar;C:\Users\Nillers-pc\Documents\4semester\CrystalDefence\application\target\crystaldefence\platform\core\locale\org-openide-filesystems_pt_BR.jar;C:\Users\Nillers-pc\Documents\4semester\CrystalDefence\application\target\crystaldefence\platform\core\locale\org-openide-filesystems_ru.jar;C:\Users\Nillers-pc\Documents\4semester\CrystalDefence\application\target\crystaldefence\platform\core\locale\org-openide-filesystems_zh_CN.jar;C:\Users\Nillers-pc\Documents\4semester\CrystalDefence\application\target\crystaldefence\crystaldefence\core\locale\core_crystaldefence.jar
-------------------------------------------------------------------------------
INFO [org.netbeans.core.startup.NbEvents]: Turning on modules:
	org.openide.util.lookup [8.32.1 201510222201]
	org.openide.util [9.5.1 201510222201]
	org.openide.util.ui [9.4.1 201510222201]
	org.openide.modules [7.47.1 201510222201]
	org.openide.filesystems [9.8.1 201510222201]
	org.netbeans.libs.asm [5.2.1 201510222201]
	org.netbeans.core.startup.base [1.61.1.1 1 201510222201]
	org.netbeans.bootstrap/1 [2.74.1 201510222201]
	org.netbeans.core.startup/1 [1.61.1.1 201510222201]
	org.netbeans.api.annotations.common/1 [1.26.1 201510222201]
	dk.sdu.group5.Common [1.0 1.0-20160318 201603181008]
	dk.sdu.group5.Tower [1.0 1.0-20160318 201603181008]
	dk.sdu.group5.Player [1.0 1.0-20160318 201603181008]
	dk.sdu.group5.Enemy [1.0 1.0-20160318 201603181008]
	dk.sdu.group5.CrystalDefence.branding [1.0 1.0-20160318 201603181008]
	dk.sdu.group5.Core [1.0 1.0-20160318 201603181008]
